current directory: /home/jeanb01/Documents/projects/dgmv2_app/-/Documents/ruby/3.3.0/gems/date-3.4.1/ext/date
/usr/share/rvm/rubies/ruby-3.3.3/bin/ruby extconf.rb
checking for rb_category_warn()... yes
checking for timezone in time.h with  -Werror... yes
checking for altzone in time.h with  -Werror... no
creating Makefile

current directory: /home/jeanb01/Documents/projects/dgmv2_app/-/Documents/ruby/3.3.0/gems/date-3.4.1/ext/date
make DESTDIR\= sitearchdir\=./.gem.20250516-17154-5mn2tv sitelibdir\=./.gem.20250516-17154-5mn2tv clean

current directory: /home/jeanb01/Documents/projects/dgmv2_app/-/Documents/ruby/3.3.0/gems/date-3.4.1/ext/date
make DESTDIR\= sitearchdir\=./.gem.20250516-17154-5mn2tv sitelibdir\=./.gem.20250516-17154-5mn2tv
compiling date_core.c
compiling date_parse.c
compiling date_strftime.c
compiling date_strptime.c
linking shared-object date_core.so

current directory: /home/jeanb01/Documents/projects/dgmv2_app/-/Documents/ruby/3.3.0/gems/date-3.4.1/ext/date
make DESTDIR\= sitearchdir\=./.gem.20250516-17154-5mn2tv sitelibdir\=./.gem.20250516-17154-5mn2tv install
/usr/bin/install -c -m 0755 date_core.so ./.gem.20250516-17154-5mn2tv

current directory: /home/jeanb01/Documents/projects/dgmv2_app/-/Documents/ruby/3.3.0/gems/date-3.4.1/ext/date
make DESTDIR\= sitearchdir\=./.gem.20250516-17154-5mn2tv sitelibdir\=./.gem.20250516-17154-5mn2tv clean
